[05-Nov-2024 21:59:11 UTC] PHP Warning:  Undefined array key "wp_user_id" in C:\Users\brend\Local Sites\mariebeaute\app\public\wp-content\plugins\bookit\includes\classes\admin\StaffController.php on line 280
[05-Nov-2024 21:59:11 UTC] PHP Warning:  Undefined variable $staff in C:\Users\brend\Local Sites\mariebeaute\app\public\wp-content\plugins\bookit\includes\classes\admin\StaffController.php on line 297
[05-Nov-2024 22:22:15 UTC] PHP Warning:  rename(C:\Windows\TEMP/woocommerce.9.3.3-hUbGyK.tmp,C:\Windows\TEMP/woocommerce.9.3.3.zip): Accès refusé (code: 5) in C:\Users\brend\Local Sites\mariebeaute\app\public\wp-admin\includes\file.php on line 1234
[05-Nov-2024 22:22:15 UTC] PHP Warning:  unlink(C:\Windows\TEMP/woocommerce.9.3.3.zip): Resource temporarily unavailable in C:\Users\brend\Local Sites\mariebeaute\app\public\wp-admin\includes\file.php on line 1239
[05-Nov-2024 22:22:21 UTC] PHP Warning:  Cannot modify header information - headers already sent by (output started at C:\Users\brend\Local Sites\mariebeaute\app\public\wp-includes\functions.php:5427) in C:\Users\brend\Local Sites\mariebeaute\app\public\wp-admin\includes\misc.php on line 1438
[05-Nov-2024 22:22:21 UTC] PHP Warning:  Cannot modify header information - headers already sent by (output started at C:\Users\brend\Local Sites\mariebeaute\app\public\wp-includes\functions.php:5427) in C:\Users\brend\Local Sites\mariebeaute\app\public\wp-includes\functions.php on line 7108
[05-Nov-2024 22:22:21 UTC] PHP Warning:  Cannot modify header information - headers already sent by (output started at C:\Users\brend\Local Sites\mariebeaute\app\public\wp-includes\functions.php:5427) in C:\Users\brend\Local Sites\mariebeaute\app\public\wp-admin\admin-header.php on line 9
[05-Nov-2024 22:22:21 UTC] PHP Warning:  Cannot modify header information - headers already sent by (output started at C:\Users\brend\Local Sites\mariebeaute\app\public\wp-includes\functions.php:5427) in C:\Users\brend\Local Sites\mariebeaute\app\public\wp-includes\option.php on line 1692
[05-Nov-2024 22:22:21 UTC] PHP Warning:  Cannot modify header information - headers already sent by (output started at C:\Users\brend\Local Sites\mariebeaute\app\public\wp-includes\functions.php:5427) in C:\Users\brend\Local Sites\mariebeaute\app\public\wp-includes\option.php on line 1693
[06-Nov-2024 22:28:03 UTC] PHP Warning:  Trying to access array offset on value of type bool in C:\Users\brend\Local Sites\mariebeaute\app\public\wp-content\plugins\booking-system-trafft\trafft.php on line 60
[06-Nov-2024 22:39:59 UTC] PHP Warning:  mail(): &quot;sendmail_from&quot; not set in php.ini or custom &quot;From:&quot; header missing in C:\Users\brend\Local Sites\mariebeaute\app\public\wp-content\plugins\easy-appointments\src\ajax.php on line 836
[06-Nov-2024 22:40:38 UTC] PHP Warning:  Undefined array key "worker" in C:\Users\brend\Local Sites\mariebeaute\app\public\wp-content\plugins\easy-appointments\src\api\apifullcalendar.php on line 147
[06-Nov-2024 22:40:44 UTC] PHP Warning:  Undefined array key "worker" in C:\Users\brend\Local Sites\mariebeaute\app\public\wp-content\plugins\easy-appointments\src\api\apifullcalendar.php on line 147
[06-Nov-2024 22:49:30 UTC] PHP Warning:  Undefined array key "worker" in C:\Users\brend\Local Sites\mariebeaute\app\public\wp-content\plugins\easy-appointments\src\api\apifullcalendar.php on line 147
[07-Nov-2024 12:26:35 UTC] Cron reschedule event error for hook: action_scheduler_run_queue, Error code: invalid_schedule, Error message: Event schedule does not exist., Data: {"schedule":"every_minute","args":["WP Cron"],"interval":60}
[11-Nov-2024 03:19:25 UTC] PHP Warning:  Undefined array key "worker" in C:\Users\brend\Local Sites\mariebeaute\app\public\wp-content\plugins\easy-appointments\src\api\apifullcalendar.php on line 147
[11-Nov-2024 03:19:55 UTC] PHP Warning:  Undefined array key "worker" in C:\Users\brend\Local Sites\mariebeaute\app\public\wp-content\plugins\easy-appointments\src\api\apifullcalendar.php on line 147
[11-Nov-2024 03:19:56 UTC] PHP Warning:  Undefined array key "worker" in C:\Users\brend\Local Sites\mariebeaute\app\public\wp-content\plugins\easy-appointments\src\api\apifullcalendar.php on line 147
[11-Nov-2024 03:20:07 UTC] PHP Warning:  Undefined array key "worker" in C:\Users\brend\Local Sites\mariebeaute\app\public\wp-content\plugins\easy-appointments\src\api\apifullcalendar.php on line 147
[11-Nov-2024 03:20:13 UTC] PHP Warning:  Undefined array key "worker" in C:\Users\brend\Local Sites\mariebeaute\app\public\wp-content\plugins\easy-appointments\src\api\apifullcalendar.php on line 147
[11-Nov-2024 03:20:21 UTC] PHP Warning:  Undefined array key "worker" in C:\Users\brend\Local Sites\mariebeaute\app\public\wp-content\plugins\easy-appointments\src\api\apifullcalendar.php on line 147
[11-Nov-2024 03:20:23 UTC] PHP Warning:  Undefined array key "worker" in C:\Users\brend\Local Sites\mariebeaute\app\public\wp-content\plugins\easy-appointments\src\api\apifullcalendar.php on line 147
[11-Nov-2024 03:20:24 UTC] PHP Warning:  Undefined array key "worker" in C:\Users\brend\Local Sites\mariebeaute\app\public\wp-content\plugins\easy-appointments\src\api\apifullcalendar.php on line 147
[11-Nov-2024 03:20:26 UTC] PHP Warning:  Undefined array key "worker" in C:\Users\brend\Local Sites\mariebeaute\app\public\wp-content\plugins\easy-appointments\src\api\apifullcalendar.php on line 147
[11-Nov-2024 03:42:24 UTC] PHP Warning:  Undefined array key "cover_id" in C:\Users\brend\Local Sites\mariebeaute\app\public\wp-content\plugins\bookster\src\Services\ServicesService.php on line 110
[11-Nov-2024 03:42:24 UTC] PHP Warning:  Undefined array key "gallery_ids" in C:\Users\brend\Local Sites\mariebeaute\app\public\wp-content\plugins\bookster\src\Services\ServicesService.php on line 111
[11-Nov-2024 03:47:07 UTC] PHP Warning:  Undefined array key "customer_id" in C:\Users\brend\Local Sites\mariebeaute\app\public\wp-content\plugins\bookster\src\Controllers\BookingRequestController.php on line 210
[11-Nov-2024 03:56:14 UTC] PHP Warning:  Attempt to read property "name" on string in C:\Users\brend\Local Sites\mariebeaute\app\public\wp-content\plugins\bookster\src\Features\Email\EmailLoader\ApptNoticeEmailLoader.php on line 123
[11-Nov-2024 03:56:14 UTC] PHP Warning:  Attempt to read property "name" on string in C:\Users\brend\Local Sites\mariebeaute\app\public\wp-content\plugins\bookster\templates\emails\appt-notification\appt-summary.php on line 29
[11-Nov-2024 03:57:30 UTC] PHP Warning:  Attempt to read property "name" on string in C:\Users\brend\Local Sites\mariebeaute\app\public\wp-content\plugins\bookster\src\Features\Email\EmailLoader\ApptNoticeEmailLoader.php on line 123
[11-Nov-2024 03:57:30 UTC] PHP Warning:  Attempt to read property "name" on string in C:\Users\brend\Local Sites\mariebeaute\app\public\wp-content\plugins\bookster\templates\emails\appt-notification\appt-summary.php on line 29
[16-Nov-2024 01:42:42 UTC] PHP Warning:  Undefined array key "gallery_ids" in C:\Users\brend\Local Sites\mariebeaute\app\public\wp-content\plugins\bookster\src\Services\ServicesService.php on line 111
[16-Nov-2024 01:45:24 UTC] PHP Warning:  Undefined array key "gallery_ids" in C:\Users\brend\Local Sites\mariebeaute\app\public\wp-content\plugins\bookster\src\Services\ServicesService.php on line 111
[16-Nov-2024 01:48:16 UTC] PHP Warning:  Undefined array key "gallery_ids" in C:\Users\brend\Local Sites\mariebeaute\app\public\wp-content\plugins\bookster\src\Services\ServicesService.php on line 111
[16-Nov-2024 01:50:24 UTC] PHP Warning:  Undefined array key "gallery_ids" in C:\Users\brend\Local Sites\mariebeaute\app\public\wp-content\plugins\bookster\src\Services\ServicesService.php on line 111
[16-Nov-2024 01:52:55 UTC] PHP Warning:  Undefined array key "gallery_ids" in C:\Users\brend\Local Sites\mariebeaute\app\public\wp-content\plugins\bookster\src\Services\ServicesService.php on line 111
[16-Nov-2024 01:54:57 UTC] PHP Warning:  Undefined array key "gallery_ids" in C:\Users\brend\Local Sites\mariebeaute\app\public\wp-content\plugins\bookster\src\Services\ServicesService.php on line 111
